app/build/intermediates/manifest_merge_blame_file/debug/processDebugMainManifest/manifest-merger-blame-debug-report.txt
1<?xml version="1.0" encoding="utf-8"?>
2<manifest xmlns:android="http://schemas.android.com/apk/res/android"
3    package="dev.nanoIsland"
4    android:versionCode="1"
5    android:versionName="1.0.0" >
6
7    <uses-sdk
8        android:minSdkVersion="29"
9        android:targetSdkVersion="35" />
10
11    <uses-permission android:name="android.permission.SYSTEM_ALERT_WINDOW" />
11-->src/main/AndroidManifest.xml:4:5-78
11-->src/main/AndroidManifest.xml:4:22-75
12    <uses-permission android:name="android.permission.RECEIVE_BOOT_COMPLETED" />
12-->src/main/AndroidManifest.xml:5:5-81
12-->src/main/AndroidManifest.xml:5:22-78
13    <uses-permission android:name="android.permission.VIBRATE" />
13-->src/main/AndroidManifest.xml:6:5-66
13-->src/main/AndroidManifest.xml:6:22-63
14    <uses-permission android:name="android.permission.FOREGROUND_SERVICE" />
14-->src/main/AndroidManifest.xml:7:5-77
14-->src/main/AndroidManifest.xml:7:22-74
15
16    <permission
16-->[androidx.core:core:1.13.1] AndroidManifest.xml:22:5-24:47
17        android:name="dev.nanoIsland.DYNAMIC_RECEIVER_NOT_EXPORTED_PERMISSION"
17-->[androidx.core:core:1.13.1] AndroidManifest.xml:23:9-81
18        android:protectionLevel="signature" />
18-->[androidx.core:core:1.13.1] AndroidManifest.xml:24:9-44
19
20    <uses-permission android:name="dev.nanoIsland.DYNAMIC_RECEIVER_NOT_EXPORTED_PERMISSION" /> <!-- To store the heap dumps and leak analysis results. -->
20-->[androidx.core:core:1.13.1] AndroidManifest.xml:26:5-97
20-->[androidx.core:core:1.13.1] AndroidManifest.xml:26:22-94
21    <uses-permission android:name="android.permission.READ_EXTERNAL_STORAGE" />
21-->[com.squareup.leakcanary:leakcanary-android-core:2.14] AndroidManifest.xml:25:5-80
21-->[com.squareup.leakcanary:leakcanary-android-core:2.14] AndroidManifest.xml:25:22-77
22    <uses-permission android:name="android.permission.WRITE_EXTERNAL_STORAGE" /> <!-- To allow posting notifications on Android 13 -->
22-->[com.squareup.leakcanary:leakcanary-android-core:2.14] AndroidManifest.xml:26:5-81
22-->[com.squareup.leakcanary:leakcanary-android-core:2.14] AndroidManifest.xml:26:22-78
23    <uses-permission android:name="android.permission.POST_NOTIFICATIONS" />
23-->[com.squareup.leakcanary:leakcanary-android-core:2.14] AndroidManifest.xml:29:5-77
23-->[com.squareup.leakcanary:leakcanary-android-core:2.14] AndroidManifest.xml:29:22-74
24
25    <application
25-->src/main/AndroidManifest.xml:9:5-47:19
26        android:allowBackup="true"
26-->src/main/AndroidManifest.xml:10:9-35
27        android:appComponentFactory="androidx.core.app.CoreComponentFactory"
27-->[androidx.core:core:1.13.1] AndroidManifest.xml:28:18-86
28        android:debuggable="true"
29        android:extractNativeLibs="false"
30        android:icon="@android:drawable/sym_def_app_icon"
30-->src/main/AndroidManifest.xml:11:9-58
31        android:label="@string/app_name"
31-->src/main/AndroidManifest.xml:12:9-41
32        android:roundIcon="@android:drawable/sym_def_app_icon"
32-->src/main/AndroidManifest.xml:13:9-63
33        android:supportsRtl="true"
33-->src/main/AndroidManifest.xml:14:9-35
34        android:theme="@style/Theme.NanoIsland" >
34-->src/main/AndroidManifest.xml:15:9-48
35        <activity
35-->src/main/AndroidManifest.xml:17:9-24:20
36            android:name="dev.nanoIsland.MainActivity"
36-->src/main/AndroidManifest.xml:18:13-41
37            android:exported="true" >
37-->src/main/AndroidManifest.xml:19:13-36
38            <intent-filter>
38-->src/main/AndroidManifest.xml:20:13-23:29
39                <action android:name="android.intent.action.MAIN" />
39-->src/main/AndroidManifest.xml:21:17-69
39-->src/main/AndroidManifest.xml:21:25-66
40
41                <category android:name="android.intent.category.LAUNCHER" />
41-->src/main/AndroidManifest.xml:22:17-77
41-->src/main/AndroidManifest.xml:22:27-74
42            </intent-filter>
43        </activity>
44
45        <service
45-->src/main/AndroidManifest.xml:26:9-33:19
46            android:name="dev.nanoIsland.NanoNotificationListener"
46-->src/main/AndroidManifest.xml:27:13-53
47            android:exported="true"
47-->src/main/AndroidManifest.xml:29:13-36
48            android:permission="android.permission.BIND_NOTIFICATION_LISTENER_SERVICE" >
48-->src/main/AndroidManifest.xml:28:13-87
49            <intent-filter>
49-->src/main/AndroidManifest.xml:30:13-32:29
50                <action android:name="android.service.notification.NotificationListenerService" />
50-->src/main/AndroidManifest.xml:31:17-99
50-->src/main/AndroidManifest.xml:31:25-96
51            </intent-filter>
52        </service>
53        <service
53-->src/main/AndroidManifest.xml:35:9-45:19
54            android:name="dev.nanoIsland.NanoAccessibilityService"
54-->src/main/AndroidManifest.xml:36:13-53
55            android:exported="true"
55-->src/main/AndroidManifest.xml:38:13-36
56            android:permission="android.permission.BIND_ACCESSIBILITY_SERVICE" >
56-->src/main/AndroidManifest.xml:37:13-79
57            <intent-filter>
57-->src/main/AndroidManifest.xml:39:13-41:29
58                <action android:name="android.accessibilityservice.AccessibilityService" />
58-->src/main/AndroidManifest.xml:40:17-92
58-->src/main/AndroidManifest.xml:40:25-89
59            </intent-filter>
60
61            <meta-data
61-->src/main/AndroidManifest.xml:42:13-44:64
62                android:name="android.accessibilityservice"
62-->src/main/AndroidManifest.xml:43:17-60
63                android:resource="@xml/accessibility_config" />
63-->src/main/AndroidManifest.xml:44:17-61
64        </service>
65
66        <provider
66-->[androidx.emoji2:emoji2:1.3.0] AndroidManifest.xml:24:9-32:20
67            android:name="androidx.startup.InitializationProvider"
67-->[androidx.emoji2:emoji2:1.3.0] AndroidManifest.xml:25:13-67
68            android:authorities="dev.nanoIsland.androidx-startup"
68-->[androidx.emoji2:emoji2:1.3.0] AndroidManifest.xml:26:13-68
69            android:exported="false" >
69-->[androidx.emoji2:emoji2:1.3.0] AndroidManifest.xml:27:13-37
70            <meta-data
70-->[androidx.emoji2:emoji2:1.3.0] AndroidManifest.xml:29:13-31:52
71                android:name="androidx.emoji2.text.EmojiCompatInitializer"
71-->[androidx.emoji2:emoji2:1.3.0] AndroidManifest.xml:30:17-75
72                android:value="androidx.startup" />
72-->[androidx.emoji2:emoji2:1.3.0] AndroidManifest.xml:31:17-49
73            <meta-data
73-->[androidx.lifecycle:lifecycle-process:2.6.2] AndroidManifest.xml:29:13-31:52
74                android:name="androidx.lifecycle.ProcessLifecycleInitializer"
74-->[androidx.lifecycle:lifecycle-process:2.6.2] AndroidManifest.xml:30:17-78
75                android:value="androidx.startup" />
75-->[androidx.lifecycle:lifecycle-process:2.6.2] AndroidManifest.xml:31:17-49
76            <meta-data
76-->[androidx.profileinstaller:profileinstaller:1.3.1] AndroidManifest.xml:29:13-31:52
77                android:name="androidx.profileinstaller.ProfileInstallerInitializer"
77-->[androidx.profileinstaller:profileinstaller:1.3.1] AndroidManifest.xml:30:17-85
78                android:value="androidx.startup" />
78-->[androidx.profileinstaller:profileinstaller:1.3.1] AndroidManifest.xml:31:17-49
79        </provider>
80        <provider
80-->[com.squareup.leakcanary:leakcanary-android-core:2.14] AndroidManifest.xml:32:9-40:20
81            android:name="leakcanary.internal.LeakCanaryFileProvider"
81-->[com.squareup.leakcanary:leakcanary-android-core:2.14] AndroidManifest.xml:33:13-70
82            android:authorities="com.squareup.leakcanary.fileprovider.dev.nanoIsland"
82-->[com.squareup.leakcanary:leakcanary-android-core:2.14] AndroidManifest.xml:34:13-88
83            android:exported="false"
83-->[com.squareup.leakcanary:leakcanary-android-core:2.14] AndroidManifest.xml:35:13-37
84            android:grantUriPermissions="true" >
84-->[com.squareup.leakcanary:leakcanary-android-core:2.14] AndroidManifest.xml:36:13-47
85            <meta-data
85-->[com.squareup.leakcanary:leakcanary-android-core:2.14] AndroidManifest.xml:37:13-39:66
86                android:name="android.support.FILE_PROVIDER_PATHS"
86-->[com.squareup.leakcanary:leakcanary-android-core:2.14] AndroidManifest.xml:38:17-67
87                android:resource="@xml/leak_canary_file_paths" />
87-->[com.squareup.leakcanary:leakcanary-android-core:2.14] AndroidManifest.xml:39:17-63
88        </provider>
89
90        <activity
90-->[com.squareup.leakcanary:leakcanary-android-core:2.14] AndroidManifest.xml:42:9-73:20
91            android:name="leakcanary.internal.activity.LeakActivity"
91-->[com.squareup.leakcanary:leakcanary-android-core:2.14] AndroidManifest.xml:43:13-69
92            android:exported="true"
92-->[com.squareup.leakcanary:leakcanary-android-core:2.14] AndroidManifest.xml:44:13-36
93            android:icon="@mipmap/leak_canary_icon"
93-->[com.squareup.leakcanary:leakcanary-android-core:2.14] AndroidManifest.xml:45:13-52
94            android:label="@string/leak_canary_display_activity_label"
94-->[com.squareup.leakcanary:leakcanary-android-core:2.14] AndroidManifest.xml:46:13-71
95            android:taskAffinity="com.squareup.leakcanary.dev.nanoIsland"
95-->[com.squareup.leakcanary:leakcanary-android-core:2.14] AndroidManifest.xml:47:13-76
96            android:theme="@style/leak_canary_LeakCanary.Base" >
96-->[com.squareup.leakcanary:leakcanary-android-core:2.14] AndroidManifest.xml:48:13-63
97            <intent-filter android:label="@string/leak_canary_import_hprof_file" >
97-->[com.squareup.leakcanary:leakcanary-android-core:2.14] AndroidManifest.xml:49:13-72:29
97-->[com.squareup.leakcanary:leakcanary-android-core:2.14] AndroidManifest.xml:49:28-81
98                <action android:name="android.intent.action.VIEW" />
98-->[com.squareup.leakcanary:leakcanary-android-core:2.14] AndroidManifest.xml:50:17-69
98-->[com.squareup.leakcanary:leakcanary-android-core:2.14] AndroidManifest.xml:50:25-66
99
100                <category android:name="android.intent.category.DEFAULT" />
100-->[com.squareup.leakcanary:leakcanary-android-core:2.14] AndroidManifest.xml:52:17-76
100-->[com.squareup.leakcanary:leakcanary-android-core:2.14] AndroidManifest.xml:52:27-73
101                <category android:name="android.intent.category.BROWSABLE" />
101-->[com.squareup.leakcanary:leakcanary-android-core:2.14] AndroidManifest.xml:53:17-78
101-->[com.squareup.leakcanary:leakcanary-android-core:2.14] AndroidManifest.xml:53:27-75
102
103                <data android:scheme="file" />
103-->[com.squareup.leakcanary:leakcanary-android-core:2.14] AndroidManifest.xml:55:17-47
103-->[com.squareup.leakcanary:leakcanary-android-core:2.14] AndroidManifest.xml:55:23-44
104                <data android:scheme="content" />
104-->[com.squareup.leakcanary:leakcanary-android-core:2.14] AndroidManifest.xml:55:17-47
104-->[com.squareup.leakcanary:leakcanary-android-core:2.14] AndroidManifest.xml:55:23-44
105                <data android:mimeType="*/*" />
105-->[com.squareup.leakcanary:leakcanary-android-core:2.14] AndroidManifest.xml:55:17-47
106                <data android:host="*" />
106-->[com.squareup.leakcanary:leakcanary-android-core:2.14] AndroidManifest.xml:55:17-47
107                <data android:pathPattern=".*\\.hprof" />
107-->[com.squareup.leakcanary:leakcanary-android-core:2.14] AndroidManifest.xml:55:17-47
108                <data android:pathPattern=".*\\..*\\.hprof" />
108-->[com.squareup.leakcanary:leakcanary-android-core:2.14] AndroidManifest.xml:55:17-47
109                <data android:pathPattern=".*\\..*\\..*\\.hprof" />
109-->[com.squareup.leakcanary:leakcanary-android-core:2.14] AndroidManifest.xml:55:17-47
110                <data android:pathPattern=".*\\..*\\..*\\..*\\.hprof" />
110-->[com.squareup.leakcanary:leakcanary-android-core:2.14] AndroidManifest.xml:55:17-47
111                <data android:pathPattern=".*\\..*\\..*\\..*\\..*\\.hprof" />
111-->[com.squareup.leakcanary:leakcanary-android-core:2.14] AndroidManifest.xml:55:17-47
112                <data android:pathPattern=".*\\..*\\..*\\..*\\..*\\..*\\.hprof" />
112-->[com.squareup.leakcanary:leakcanary-android-core:2.14] AndroidManifest.xml:55:17-47
113                <data android:pathPattern=".*\\..*\\..*\\..*\\..*\\..*\\..*\\.hprof" />
113-->[com.squareup.leakcanary:leakcanary-android-core:2.14] AndroidManifest.xml:55:17-47
114                <!--
115            Since hprof isn't a standard MIME type, we have to declare such patterns.
116            Most file providers will generate URIs including their own package name,
117            which contains `.` characters that must be explicitly escaped in pathPattern.
118            @see https://stackoverflow.com/a/31028507/703646
119                -->
120            </intent-filter>
121        </activity>
122
123        <activity-alias
123-->[com.squareup.leakcanary:leakcanary-android-core:2.14] AndroidManifest.xml:75:9-92:26
124            android:name="leakcanary.internal.activity.LeakLauncherActivity"
124-->[com.squareup.leakcanary:leakcanary-android-core:2.14] AndroidManifest.xml:76:13-77
125            android:banner="@drawable/leak_canary_tv_icon"
125-->[com.squareup.leakcanary:leakcanary-android-core:2.14] AndroidManifest.xml:77:13-59
126            android:enabled="@bool/leak_canary_add_launcher_icon"
126-->[com.squareup.leakcanary:leakcanary-android-core:2.14] AndroidManifest.xml:78:13-66
127            android:exported="true"
127-->[com.squareup.leakcanary:leakcanary-android-core:2.14] AndroidManifest.xml:79:13-36
128            android:icon="@mipmap/leak_canary_icon"
128-->[com.squareup.leakcanary:leakcanary-android-core:2.14] AndroidManifest.xml:80:13-52
129            android:label="@string/leak_canary_display_activity_label"
129-->[com.squareup.leakcanary:leakcanary-android-core:2.14] AndroidManifest.xml:81:13-71
130            android:targetActivity="leakcanary.internal.activity.LeakActivity"
130-->[com.squareup.leakcanary:leakcanary-android-core:2.14] AndroidManifest.xml:82:13-79
131            android:taskAffinity="com.squareup.leakcanary.dev.nanoIsland"
131-->[com.squareup.leakcanary:leakcanary-android-core:2.14] AndroidManifest.xml:83:13-76
132            android:theme="@style/leak_canary_LeakCanary.Base" >
132-->[com.squareup.leakcanary:leakcanary-android-core:2.14] AndroidManifest.xml:84:13-63
133            <intent-filter>
133-->[com.squareup.leakcanary:leakcanary-android-core:2.14] AndroidManifest.xml:85:13-91:29
134                <action android:name="android.intent.action.MAIN" />
134-->src/main/AndroidManifest.xml:21:17-69
134-->src/main/AndroidManifest.xml:21:25-66
135
136                <category android:name="android.intent.category.LAUNCHER" />
136-->src/main/AndroidManifest.xml:22:17-77
136-->src/main/AndroidManifest.xml:22:27-74
137                <!-- Android TV launcher intent -->
138                <category android:name="android.intent.category.LEANBACK_LAUNCHER" />
138-->[com.squareup.leakcanary:leakcanary-android-core:2.14] AndroidManifest.xml:90:17-86
138-->[com.squareup.leakcanary:leakcanary-android-core:2.14] AndroidManifest.xml:90:27-83
139            </intent-filter>
140        </activity-alias>
141
142        <activity
142-->[com.squareup.leakcanary:leakcanary-android-core:2.14] AndroidManifest.xml:94:9-100:68
143            android:name="leakcanary.internal.RequestPermissionActivity"
143-->[com.squareup.leakcanary:leakcanary-android-core:2.14] AndroidManifest.xml:95:13-73
144            android:excludeFromRecents="true"
144-->[com.squareup.leakcanary:leakcanary-android-core:2.14] AndroidManifest.xml:96:13-46
145            android:icon="@mipmap/leak_canary_icon"
145-->[com.squareup.leakcanary:leakcanary-android-core:2.14] AndroidManifest.xml:97:13-52
146            android:label="@string/leak_canary_storage_permission_activity_label"
146-->[com.squareup.leakcanary:leakcanary-android-core:2.14] AndroidManifest.xml:98:13-82
147            android:taskAffinity="com.squareup.leakcanary.dev.nanoIsland"
147-->[com.squareup.leakcanary:leakcanary-android-core:2.14] AndroidManifest.xml:99:13-76
148            android:theme="@style/leak_canary_Theme.Transparent" />
148-->[com.squareup.leakcanary:leakcanary-android-core:2.14] AndroidManifest.xml:100:13-65
149
150        <receiver android:name="leakcanary.internal.NotificationReceiver" />
150-->[com.squareup.leakcanary:leakcanary-android-core:2.14] AndroidManifest.xml:102:9-77
150-->[com.squareup.leakcanary:leakcanary-android-core:2.14] AndroidManifest.xml:102:19-74
151
152        <provider
152-->[com.squareup.leakcanary:leakcanary-object-watcher-android:2.14] AndroidManifest.xml:8:9-12:40
153            android:name="leakcanary.internal.MainProcessAppWatcherInstaller"
153-->[com.squareup.leakcanary:leakcanary-object-watcher-android:2.14] AndroidManifest.xml:9:13-78
154            android:authorities="dev.nanoIsland.leakcanary-installer"
154-->[com.squareup.leakcanary:leakcanary-object-watcher-android:2.14] AndroidManifest.xml:10:13-72
155            android:enabled="@bool/leak_canary_watcher_auto_install"
155-->[com.squareup.leakcanary:leakcanary-object-watcher-android:2.14] AndroidManifest.xml:11:13-69
156            android:exported="false" />
156-->[com.squareup.leakcanary:leakcanary-object-watcher-android:2.14] AndroidManifest.xml:12:13-37
157        <provider
157-->[com.squareup.leakcanary:plumber-android:2.14] AndroidManifest.xml:8:9-12:40
158            android:name="leakcanary.internal.PlumberInstaller"
158-->[com.squareup.leakcanary:plumber-android:2.14] AndroidManifest.xml:9:13-64
159            android:authorities="dev.nanoIsland.plumber-installer"
159-->[com.squareup.leakcanary:plumber-android:2.14] AndroidManifest.xml:10:13-69
160            android:enabled="@bool/leak_canary_plumber_auto_install"
160-->[com.squareup.leakcanary:plumber-android:2.14] AndroidManifest.xml:11:13-69
161            android:exported="false" />
161-->[com.squareup.leakcanary:plumber-android:2.14] AndroidManifest.xml:12:13-37
162
163        <receiver
163-->[androidx.profileinstaller:profileinstaller:1.3.1] AndroidManifest.xml:34:9-52:20
164            android:name="androidx.profileinstaller.ProfileInstallReceiver"
164-->[androidx.profileinstaller:profileinstaller:1.3.1] AndroidManifest.xml:35:13-76
165            android:directBootAware="false"
165-->[androidx.profileinstaller:profileinstaller:1.3.1] AndroidManifest.xml:36:13-44
166            android:enabled="true"
166-->[androidx.profileinstaller:profileinstaller:1.3.1] AndroidManifest.xml:37:13-35
167            android:exported="true"
167-->[androidx.profileinstaller:profileinstaller:1.3.1] AndroidManifest.xml:38:13-36
168            android:permission="android.permission.DUMP" >
168-->[androidx.profileinstaller:profileinstaller:1.3.1] AndroidManifest.xml:39:13-57
169            <intent-filter>
169-->[androidx.profileinstaller:profileinstaller:1.3.1] AndroidManifest.xml:40:13-42:29
170                <action android:name="androidx.profileinstaller.action.INSTALL_PROFILE" />
170-->[androidx.profileinstaller:profileinstaller:1.3.1] AndroidManifest.xml:41:17-91
170-->[androidx.profileinstaller:profileinstaller:1.3.1] AndroidManifest.xml:41:25-88
171            </intent-filter>
172            <intent-filter>
172-->[androidx.profileinstaller:profileinstaller:1.3.1] AndroidManifest.xml:43:13-45:29
173                <action android:name="androidx.profileinstaller.action.SKIP_FILE" />
173-->[androidx.profileinstaller:profileinstaller:1.3.1] AndroidManifest.xml:44:17-85
173-->[androidx.profileinstaller:profileinstaller:1.3.1] AndroidManifest.xml:44:25-82
174            </intent-filter>
175            <intent-filter>
175-->[androidx.profileinstaller:profileinstaller:1.3.1] AndroidManifest.xml:46:13-48:29
176                <action android:name="androidx.profileinstaller.action.SAVE_PROFILE" />
176-->[androidx.profileinstaller:profileinstaller:1.3.1] AndroidManifest.xml:47:17-88
176-->[androidx.profileinstaller:profileinstaller:1.3.1] AndroidManifest.xml:47:25-85
177            </intent-filter>
178            <intent-filter>
178-->[androidx.profileinstaller:profileinstaller:1.3.1] AndroidManifest.xml:49:13-51:29
179                <action android:name="androidx.profileinstaller.action.BENCHMARK_OPERATION" />
179-->[androidx.profileinstaller:profileinstaller:1.3.1] AndroidManifest.xml:50:17-95
179-->[androidx.profileinstaller:profileinstaller:1.3.1] AndroidManifest.xml:50:25-92
180            </intent-filter>
181        </receiver>
182    </application>
183
184</manifest>